Start testing: Apr 18 20:14 CEST
----------------------------------------------------------
1/1 Testing: LibraryTest
1/1 Test: LibraryTest
Command: "/home/student/CLionProjects/most_pn_0815_04/kleczaj/workshop/cmake-build-debug/library/LibraryTester" "--report_level=detailed" "--log_level=all" "--color_output=yes"
Directory: /home/student/CLionProjects/most_pn_0815_04/kleczaj/workshop/cmake-build-debug/library
"LibraryTest" start time: Apr 18 20:14 CEST
Output:
----------------------------------------------------------
<end of output>
Test time =   0.00 sec
----------------------------------------------------------
Test Failed.
"LibraryTest" end time: Apr 18 20:14 CEST
"LibraryTest" time elapsed: 00:00:00
----------------------------------------------------------

End testing: Apr 18 20:14 CEST
